<?xml version="1.0" encoding="UTF-8"?>
<!-- Generated by org.testng.reporters.JUnitReportReporter -->
<testsuite hostname="DESKTOP-UNCQVLA" failures="0" tests="1" name="tests.GetandPostExamples" time="0.015" errors="0" timestamp="2021-09-05T16:30:38 PKT" skipped="0">
  <testcase classname="tests.GetandPostExamples" name="testpost" time="0.015"/>
  <system-out/>
</testsuite> <!-- tests.GetandPostExamples -->
