<?xml version="1.0" encoding="UTF-8"?>
<!-- Generated by org.testng.reporters.JUnitReportReporter -->
<testsuite hostname="DESKTOP-UNCQVLA" failures="0" tests="2" name="tests.TestExamples" time="4.936" errors="0" timestamp="2021-09-05T16:02:30 PKT" skipped="0">
  <testcase classname="tests.TestExamples" name="test1" time="3.327"/>
  <system-out/>
  <testcase classname="tests.TestExamples" name="test2" time="1.609"/>
  <system-out/>
</testsuite> <!-- tests.TestExamples -->
